<?xml version="1.0" encoding="UTF-8"?>
<testsuite name="SimilarityTest" tests="2" skipped="0" failures="0" errors="0" timestamp="2020-06-23T13:57:55" hostname="DESKTOP-DDO1F8T" time="0.041">
  <properties/>
  <testcase name="isSimilar_mixed_string()" classname="SimilarityTest" time="0.037"/>
  <testcase name="isSimilar_string_with_more_words()" classname="SimilarityTest" time="0.002"/>
  <system-out><![CDATA[]]></system-out>
  <system-err><![CDATA[]]></system-err>
</testsuite>
